<?xml version="1.0" encoding="UTF-8"?>
<!-- Generated by org.testng.reporters.JUnitXMLReporter -->
<testsuite ignored="0" hostname="DESKTOP-5PVOFI6" failures="0" tests="5" name="Surefire test" time="2.628" errors="0" timestamp="2023-04-30T15:49:49 IST">
  <testcase classname="api.test.StudentsTest" name="getAllStudents" time="1.774"/>
  <testcase classname="api.test.StudentsTest" name="createStudent" time="0.44"/>
  <testcase classname="api.test.StudentsTest" name="getStudent" time="0.061"/>
  <testcase classname="api.test.StudentsTest" name="updateStudent" time="0.047"/>
  <testcase classname="api.test.StudentsTest" name="delStudent" time="0.047"/>
</testsuite> <!-- Surefire test -->
