<?xml version="1.0" encoding="UTF-8"?>
<!-- Generated by org.testng.reporters.JUnitXMLReporter -->
<testsuite ignored="0" hostname="DESKTOP-5PVOFI6" failures="0" tests="5" name="Default test" time="4.678" errors="0" timestamp="2023-04-30T15:26:07 IST">
  <testcase classname="api.test.StudentsTest" name="getAllStudents" time="3.197"/>
  <testcase classname="api.test.StudentsTest" name="createStudent" time="0.756"/>
  <testcase classname="api.test.StudentsTest" name="getStudent" time="0.098"/>
  <testcase classname="api.test.StudentsTest" name="updateStudent" time="0.061"/>
  <testcase classname="api.test.StudentsTest" name="delStudent" time="0.06"/>
</testsuite> <!-- Default test -->
