<?xml version="1.0" encoding="UTF-8"?>
<testsuite xmlns:xsi="http://www.w3.org/2001/XMLSchema-instance" xsi:noNamespaceSchemaLocation="https://maven.apache.org/surefire/maven-surefire-plugin/xsd/surefire-test-report-3.0.xsd" version="3.0" name="api.test.StudentsTest" time="3.184" tests="5" errors="0" skipped="0" failures="0">
  <properties>
[...]
</properties>
  <testcase name="getAllStudents" classname="api.test.StudentsTest" time="1.783">
    <system-out><![CDATA[HTTP/1.1 200 OK
X-Powered-By: Express
Vary: Origin, Accept-Encoding
Access-Control-Allow-Credentials: true
Cache-Control: no-cache
Pragma: no-cache
Expires: -1
X-Content-Type-Options: nosniff
Content-Type: application/json; charset=utf-8
ETag: W/"429-HUh4Vt1JLxTqL80ohvaOoW5ZTsc"
Content-Encoding: gzip
Date: Sun, 30 Apr 2023 10:19:48 GMT
Connection: keep-alive
Keep-Alive: timeout=5
Transfer-Encoding: chunked

[
    {
        "id": "01",
        "name": "TOM",
        "lastname": "Price"
    },
    {
        "id": "02",
        "name": "John",
        "lastname": "Winchester"
    },
    {
        "id": "03",
        "name": "Dean",
        "lastname": "Winchester"
    },
    {
        "id": "04",
        "name": "Sam",
        "lastname": "Winchester"
    },
    {
        "lastName": "Barton",
        "name": "Celina",
        "id": "rR-iqbr"
    },
    {
        "lastName": "Moen",
        "name": "Gregorio",
        "id": "ZL-I0P5"
    },
    {
        "lastName": "Davis",
        "name": "Fausto",
        "id": "VLf55Sh"
    },
    {
        "lastName": "Jacobson",
        "name": "Jared",
        "id": "3zmqP9u"
    },
    {
        "lastName": "Heller",
        "name": "Donald",
        "id": "alK_hK2"
    },
    {
        "lastName": "Cremin",
        "name": "Inocencia",
        "id": "PZwU4sp"
    },
    {
        "lastName": "Haley",
        "name": "Andria",
        "id": "_lypH3w"
    },
    {
        "lastName": "Flatley",
        "name": "Leo",
        "id": "YMhHbEH"
    },
    {
        "lastName": "Feil",
        "name": "Kathryne",
        "id": 56
    },
    {
        "id": 1804379080,
        "name": "Gisela Wintheiser",
        "lastName": "Davis"
    }
]
]]></system-out>
    <system-err><![CDATA[SLF4J: Failed to load class "org.slf4j.impl.StaticLoggerBinder".
SLF4J: Defaulting to no-operation (NOP) logger implementation
SLF4J: See http://www.slf4j.org/codes.html#StaticLoggerBinder for further details.
]]></system-err>
  </testcase>
  <testcase name="createStudent" classname="api.test.StudentsTest" time="0.503">
    <system-out><![CDATA[HTTP/1.1 201 Created
X-Powered-By: Express
Vary: Origin, X-HTTP-Method-Override, Accept-Encoding
Access-Control-Allow-Credentials: true
Cache-Control: no-cache
Pragma: no-cache
Expires: -1
Access-Control-Expose-Headers: Location
Location: http://localhost:3000/student/627411361
X-Content-Type-Options: nosniff
Content-Type: application/json; charset=utf-8
Content-Length: 74
ETag: W/"4a-tvyEQP2yf8G/I5ShS77rn8vnT7s"
Date: Sun, 30 Apr 2023 10:19:48 GMT
Connection: keep-alive
Keep-Alive: timeout=5

{
    "id": 627411361,
    "name": "Nestor Bradtke",
    "lastName": "Pacocha"
}
]]></system-out>
  </testcase>
  <testcase name="getStudent" classname="api.test.StudentsTest" time="0.003">
    <system-out><![CDATA[HTTP/1.1 200 OK
X-Powered-By: Express
Vary: Origin, Accept-Encoding
Access-Control-Allow-Credentials: true
Cache-Control: no-cache
Pragma: no-cache
Expires: -1
X-Content-Type-Options: nosniff
Content-Type: application/json; charset=utf-8
Content-Length: 74
ETag: W/"4a-tvyEQP2yf8G/I5ShS77rn8vnT7s"
Date: Sun, 30 Apr 2023 10:19:48 GMT
Connection: keep-alive
Keep-Alive: timeout=5

{
    "id": 627411361,
    "name": "Nestor Bradtke",
    "lastName": "Pacocha"
}
]]></system-out>
  </testcase>
  <testcase name="updateStudent" classname="api.test.StudentsTest" time="0.06">
    <system-out><![CDATA[HTTP/1.1 200 OK
X-Powered-By: Express
Vary: Origin, Accept-Encoding
Access-Control-Allow-Credentials: true
Cache-Control: no-cache
Pragma: no-cache
Expires: -1
X-Content-Type-Options: nosniff
Content-Type: application/json; charset=utf-8
Content-Length: 70
ETag: W/"46-rvoWCit9RMUTipuhzrHp987LE0k"
Date: Sun, 30 Apr 2023 10:19:49 GMT
Connection: keep-alive
Keep-Alive: timeout=5

{
    "id": 627411361,
    "name": "Terry Kub",
    "lastName": "Reynolds"
}
]]></system-out>
  </testcase>
  <testcase name="delStudent" classname="api.test.StudentsTest" time="0.027">
    <system-out><![CDATA[delete id === 627411361
HTTP/1.1 200 OK
X-Powered-By: Express
Vary: Origin, Accept-Encoding
Access-Control-Allow-Credentials: true
Cache-Control: no-cache
Pragma: no-cache
Expires: -1
X-Content-Type-Options: nosniff
Content-Type: application/json; charset=utf-8
Content-Length: 2
ETag: W/"2-vyGp6PvFo4RvsFtPoIWeCReyIC8"
Date: Sun, 30 Apr 2023 10:19:49 GMT
Connection: keep-alive
Keep-Alive: timeout=5

{
    
}
]]></system-out>
  </testcase>
</testsuite>